Using pre-set license

 COMMAND LINE ARGUMENTS:
/Applications/Unity/Hub/Editor/2020.2.7f1/Unity.app/Contents/MacOS/Unity
-adb2
-batchMode
-noUpm
-name
AssetImportWorker0
-projectPath
/Users/dmitrytristen/UnityProjects/unity-2021/floor-project-1-7
-logFile
Logs/AssetImportWorker0.log
-srvPort
55810
Successfully changed project path to: /Users/dmitrytristen/UnityProjects/unity-2021/floor-project-1-7
/Users/dmitrytristen/UnityProjects/unity-2021/floor-project-1-7
Using Asset Import Pipeline V2.
Refreshing native plugins compatible for Editor in 28.75 ms, found 1 plugins.
Preloading 0 native plugins for Editor in 0.00 ms.
Initialize engine version: 2020.2.7f1 (c53830e277f1)
[Subsystems] Discovering subsystems at path /Applications/Unity/Hub/Editor/2020.2.7f1/Unity.app/Contents/Resources/UnitySubsystems
[Subsystems] Discovering subsystems at path /Users/dmitrytristen/UnityProjects/unity-2021/floor-project-1-7/Assets
GfxDevice: creating device client; threaded=0
2021-03-27 12:20:40.251 Unity[8213:362992] Color LCD preferred device: AMD Radeon Pro 555X (high power)
2021-03-27 12:20:40.251 Unity[8213:362992] Metal devices available: 2
2021-03-27 12:20:40.252 Unity[8213:362992] 0: AMD Radeon Pro 555X (high power)
2021-03-27 12:20:40.252 Unity[8213:362992] 1: Intel(R) UHD Graphics 630 (low power)
2021-03-27 12:20:40.252 Unity[8213:362992] Using device AMD Radeon Pro 555X (high power)
Initializing Metal device caps: AMD Radeon Pro 555X
Initialize mono
Mono path[0] = '/Applications/Unity/Hub/Editor/2020.2.7f1/Unity.app/Contents/Managed'
Mono path[1] = '/Applications/Unity/Hub/Editor/2020.2.7f1/Unity.app/Contents/MonoBleedingEdge/lib/mono/unityjit'
Mono config path = '/Applications/Unity/Hub/Editor/2020.2.7f1/Unity.app/Contents/MonoBleedingEdge/etc'
Using monoOptions --debugger-agent=transport=dt_socket,embedding=1,server=y,suspend=n,address=127.0.0.1:56213
Begin MonoManager ReloadAssembly
Registering precompiled unity dll's ...
Register platform support module: /Applications/Unity/Hub/Editor/2020.2.7f1/PlaybackEngines/WebGLSupport/UnityEditor.WebGL.Extensions.dll
Register platform support module: /Applications/Unity/Hub/Editor/2020.2.7f1/Unity.app/Contents/PlaybackEngines/MacStandaloneSupport/UnityEditor.OSXStandalone.Extensions.dll
Register platform support module: /Applications/Unity/Hub/Editor/2020.2.7f1/PlaybackEngines/WindowsStandaloneSupport/UnityEditor.WindowsStandalone.Extensions.dll
Registered in 0.000762 seconds.
Native extension for WindowsStandalone target not found
Native extension for OSXStandalone target not found
Native extension for WebGL target not found
Refreshing native plugins compatible for Editor in 25.04 ms, found 1 plugins.
Preloading 0 native plugins for Editor in 0.00 ms.
Invoked RoslynAnalysisRunner static constructor.
RoslynAnalysisRunner will not be running.
RoslynAnalysisRunner has terminated.
Mono: successfully reloaded assembly
- Completed reload, in  2.585 seconds
Platform modules already initialized, skipping
Registering precompiled user dll's ...
Registered in 0.000331 seconds.
Begin MonoManager ReloadAssembly
Native extension for WindowsStandalone target not found
Native extension for OSXStandalone target not found
Native extension for WebGL target not found
Refreshing native plugins compatible for Editor in 25.76 ms, found 1 plugins.
Preloading 0 native plugins for Editor in 0.00 ms.
Invoked RoslynAnalysisRunner static constructor.
RoslynAnalysisRunner will not be running.
RoslynAnalysisRunner has terminated.
Mono: successfully reloaded assembly
- Completed reload, in  1.185 seconds
Platform modules already initialized, skipping
========================================================================
Worker process is ready to serve import requests
Launching external process: /Applications/Unity/Hub/Editor/2020.2.7f1/Unity.app/Contents/Tools/UnityShaderCompiler
Launched and connected shader compiler UnityShaderCompiler after 0.01 seconds
Refreshing native plugins compatible for Editor in 0.24 ms, found 1 plugins.
Preloading 0 native plugins for Editor in 0.00 ms.
Unloading 1307 Unused Serialized files (Serialized files now loaded: 0)
System memory in use before: 147.7 MB.
System memory in use after: 147.6 MB.

Unloading 22 unused Assets to reduce memory usage. Loaded Objects now: 1781.
Total: 2.371342 ms (FindLiveObjects: 0.191442 ms CreateObjectMapping: 0.060125 ms MarkObjects: 1.881124 ms  DeleteObjects: 0.236902 ms)

========================================================================
Received Import Request.
  path: Assets/Prefabs/FloorDefault.prefab
  artifactKey: Guid(86016754bddbfaf43acb2d1da2e196d9) Importer(815301076,1909f56bfc062723c751e8b465ee728b)
Start importing Assets/Prefabs/FloorDefault.prefab using Guid(86016754bddbfaf43acb2d1da2e196d9) Importer(815301076,1909f56bfc062723c751e8b465ee728b)  -> (artifact id: 'd4fc6d44710d334a8077da4e35d2093e') in 0.685949 seconds
  Import took 0.689325 seconds .

========================================================================
Received Import Request.
  Time since last request: 0.000213 seconds.
  path: Assets/Prefabs/FloorBase 2.prefab
  artifactKey: Guid(5d0ef0dec122b9b4d9f7c3b0ffda3f0f) Importer(815301076,1909f56bfc062723c751e8b465ee728b)
Start importing Assets/Prefabs/FloorBase 2.prefab using Guid(5d0ef0dec122b9b4d9f7c3b0ffda3f0f) Importer(815301076,1909f56bfc062723c751e8b465ee728b)  -> (artifact id: 'c88ea12a161c59568a16aa058217c030') in 0.024585 seconds
  Import took 0.027194 seconds .

========================================================================
Received Import Request.
  Time since last request: 0.000185 seconds.
  path: Assets/Prefabs/FloorBase 1.prefab
  artifactKey: Guid(fe3f30ad2eee84e35b98bee8e90c66e1) Importer(815301076,1909f56bfc062723c751e8b465ee728b)
Start importing Assets/Prefabs/FloorBase 1.prefab using Guid(fe3f30ad2eee84e35b98bee8e90c66e1) Importer(815301076,1909f56bfc062723c751e8b465ee728b)  -> (artifact id: '334dea9a971e2c0a51148dfb7e5e3644') in 0.028350 seconds
  Import took 0.030598 seconds .

========================================================================
Received Import Request.
  Time since last request: 0.000167 seconds.
  path: Assets/Prefabs/FloorBase.prefab
  artifactKey: Guid(1c1d171ab78714a5980d511fa60374e9) Importer(815301076,1909f56bfc062723c751e8b465ee728b)
Start importing Assets/Prefabs/FloorBase.prefab using Guid(1c1d171ab78714a5980d511fa60374e9) Importer(815301076,1909f56bfc062723c751e8b465ee728b)  -> (artifact id: '6c0fc9155ce61af1f5ffcd3cd05d8df1') in 0.014298 seconds
  Import took 0.016593 seconds .

========================================================================
Received Prepare
Registering precompiled user dll's ...
Registered in 0.000478 seconds.
Begin MonoManager ReloadAssembly
Native extension for WindowsStandalone target not found
Native extension for OSXStandalone target not found
Native extension for WebGL target not found
Refreshing native plugins compatible for Editor in 0.30 ms, found 1 plugins.
Preloading 0 native plugins for Editor in 0.00 ms.
Invoked RoslynAnalysisRunner static constructor.
RoslynAnalysisRunner will not be running.
RoslynAnalysisRunner has terminated.
Mono: successfully reloaded assembly
- Completed reload, in  1.187 seconds
Platform modules already initialized, skipping
Refreshing native plugins compatible for Editor in 0.29 ms, found 1 plugins.
Preloading 0 native plugins for Editor in 0.00 ms.
Unloading 1265 Unused Serialized files (Serialized files now loaded: 0)
System memory in use before: 153.1 MB.
System memory in use after: 153.0 MB.

Unloading 7 unused Assets to reduce memory usage. Loaded Objects now: 1792.
Total: 1.939927 ms (FindLiveObjects: 0.147138 ms CreateObjectMapping: 0.040739 ms MarkObjects: 1.571833 ms  DeleteObjects: 0.179085 ms)

AssetImportWorkerClient::OnTransportError - code=2 error=End of file
